TN:
SF:src\config\jws_token.js
FN:4,(anonymous_0)
FNF:1
FNH:0
FNDA:0,(anonymous_0)
DA:3,2
DA:4,2
DA:5,0
LF:3
LH:2
BRF:0
BRH:0
end_of_record
TN:
SF:src\controllers\answer_controller.js
FN:13,submitAnswersController
FN:33,getFormResultsController
FN:53,listSubmissionsByFormController
FN:73,getSubmissionDetailController
FNF:4
FNH:4
FNDA:3,submitAnswersController
FNDA:2,getFormResultsController
FNDA:2,listSubmissionsByFormController
FNDA:2,getSubmissionDetailController
DA:14,3
DA:15,3
DA:16,3
DA:17,3
DA:18,1
DA:20,2
DA:21,2
DA:22,2
DA:23,2
DA:25,3
DA:26,3
DA:34,2
DA:35,2
DA:36,2
DA:37,2
DA:38,1
DA:40,1
DA:41,1
DA:42,1
DA:43,1
DA:45,2
DA:46,2
DA:54,2
DA:55,2
DA:56,2
DA:57,2
DA:58,1
DA:60,1
DA:61,1
DA:62,1
DA:63,1
DA:65,2
DA:66,2
DA:74,2
DA:75,2
DA:76,2
DA:77,2
DA:78,1
DA:80,1
DA:81,1
DA:82,1
DA:83,1
DA:85,2
DA:86,2
LF:44
LH:44
BRF:0
BRH:0
end_of_record
TN:
SF:src\controllers\form_controller.js
FN:15,createFormController
FN:36,getFormByIdController
FN:56,listFormsByCreatorController
FN:80,updateFormController
FN:100,publishFormController
FN:120,deleteFormController
FNF:6
FNH:6
FNDA:2,createFormController
FNDA:2,getFormByIdController
FNDA:1,listFormsByCreatorController
FNDA:2,updateFormController
FNDA:2,publishFormController
FNDA:2,deleteFormController
DA:16,2
DA:17,2
DA:18,2
DA:19,2
DA:20,2
DA:21,1
DA:23,1
DA:24,1
DA:25,1
DA:26,1
DA:28,2
DA:29,2
DA:37,2
DA:38,2
DA:39,2
DA:40,2
DA:41,1
DA:43,1
DA:44,1
DA:45,1
DA:46,1
DA:48,2
DA:49,2
DA:57,1
DA:58,1
DA:59,1
DA:60,1
DA:61,1
DA:65,1
DA:67,0
DA:68,0
DA:69,0
DA:70,0
DA:72,1
DA:73,1
DA:81,2
DA:82,2
DA:83,2
DA:84,2
DA:85,1
DA:87,1
DA:88,1
DA:89,1
DA:90,1
DA:92,2
DA:93,2
DA:101,2
DA:102,2
DA:103,2
DA:104,2
DA:105,1
DA:107,1
DA:108,1
DA:109,1
DA:110,1
DA:112,2
DA:113,2
DA:121,2
DA:122,2
DA:123,2
DA:124,2
DA:125,1
DA:127,1
DA:128,1
DA:129,1
DA:130,1
DA:132,2
DA:133,2
LF:68
LH:64
BRDA:60,0,0,1
BRDA:60,0,1,0
BRDA:63,1,0,1
BRDA:63,1,1,0
BRF:4
BRH:2
end_of_record
TN:
SF:src\controllers\question_controller.js
FN:14,createQuestionController
FN:34,getQuestionByIdController
FN:54,getQuestionsByFormController
FN:74,updateQuestionController
FN:94,deleteQuestionController
FNF:5
FNH:5
FNDA:2,createQuestionController
FNDA:2,getQuestionByIdController
FNDA:2,getQuestionsByFormController
FNDA:2,updateQuestionController
FNDA:2,deleteQuestionController
DA:15,2
DA:16,2
DA:17,2
DA:18,2
DA:19,1
DA:21,1
DA:22,1
DA:23,1
DA:24,1
DA:26,2
DA:27,2
DA:35,2
DA:36,2
DA:37,2
DA:38,2
DA:39,1
DA:41,1
DA:42,1
DA:43,1
DA:44,1
DA:46,2
DA:47,2
DA:55,2
DA:56,2
DA:57,2
DA:58,2
DA:59,1
DA:61,1
DA:62,1
DA:63,1
DA:64,1
DA:66,2
DA:67,2
DA:75,2
DA:76,2
DA:77,2
DA:78,2
DA:79,1
DA:81,1
DA:82,1
DA:83,1
DA:84,1
DA:86,2
DA:87,2
DA:95,2
DA:96,2
DA:97,2
DA:98,2
DA:99,1
DA:101,1
DA:102,1
DA:103,1
DA:104,1
DA:106,2
DA:107,2
LF:55
LH:55
BRF:0
BRH:0
end_of_record
TN:
SF:src\controllers\user_controller.js
FN:13,createUserController
FN:33,getUserController
FN:53,loginUserController
FN:74,listUsersController
FNF:4
FNH:4
FNDA:2,createUserController
FNDA:2,getUserController
FNDA:2,loginUserController
FNDA:2,listUsersController
DA:14,2
DA:15,2
DA:16,2
DA:17,2
DA:18,1
DA:20,1
DA:21,1
DA:22,1
DA:23,1
DA:25,2
DA:26,2
DA:34,2
DA:35,2
DA:36,2
DA:37,2
DA:38,1
DA:40,1
DA:41,1
DA:42,1
DA:43,1
DA:45,2
DA:46,2
DA:54,2
DA:55,2
DA:56,2
DA:58,2
DA:59,1
DA:61,1
DA:62,1
DA:63,1
DA:64,1
DA:66,2
DA:67,2
DA:75,2
DA:76,2
DA:77,2
DA:78,2
DA:79,1
DA:81,1
DA:82,1
DA:83,1
DA:84,1
DA:86,2
DA:87,2
LF:44
LH:44
BRF:0
BRH:0
end_of_record
TN:
SF:src\repositories\answer_details_repository.js
FN:10,(anonymous_0)
FN:14,(anonymous_1)
FN:29,(anonymous_2)
FN:37,(anonymous_3)
FN:56,(anonymous_4)
FNF:5
FNH:5
FNDA:2,(anonymous_0)
FNDA:2,(anonymous_1)
FNDA:1,(anonymous_2)
FNDA:1,(anonymous_3)
FNDA:4,(anonymous_4)
DA:6,3
DA:7,3
DA:10,3
DA:11,2
DA:13,1
DA:14,1
DA:15,2
DA:16,2
DA:17,2
DA:20,1
DA:25,1
DA:29,3
DA:30,1
DA:33,1
DA:37,3
DA:38,1
DA:52,1
DA:56,3
DA:57,4
DA:59,4
DA:60,5
DA:61,3
DA:70,5
DA:72,5
DA:73,4
DA:74,4
DA:75,4
DA:79,4
DA:82,4
DA:83,3
DA:84,2
DA:85,1
DA:86,1
DA:87,1
DA:89,2
DA:92,1
DA:93,1
DA:94,1
DA:96,1
DA:97,2
DA:98,2
DA:99,2
DA:100,2
DA:103,1
DA:104,1
DA:105,1
DA:108,4
LF:47
LH:47
BRDA:11,0,0,1
BRDA:11,0,1,1
BRDA:56,1,0,4
BRDA:60,2,0,3
BRDA:60,2,1,2
BRDA:72,3,0,4
BRDA:72,3,1,1
BRDA:72,4,0,5
BRDA:72,4,1,4
BRDA:73,5,0,4
BRDA:73,5,1,0
BRDA:83,6,0,2
BRDA:83,6,1,1
BRDA:83,7,0,3
BRDA:83,7,1,2
BRDA:84,8,0,1
BRDA:84,8,1,1
BRF:17
BRH:16
end_of_record
TN:
SF:src\repositories\answer_repository.js
FN:20,(anonymous_0)
FN:31,(anonymous_1)
FN:40,(anonymous_2)
FN:66,(anonymous_3)
FNF:4
FNH:4
FNDA:1,(anonymous_0)
FNDA:2,(anonymous_1)
FNDA:1,(anonymous_2)
FNDA:1,(anonymous_3)
DA:11,3
DA:13,3
DA:15,3
DA:20,3
DA:21,1
DA:26,1
DA:27,1
DA:31,3
DA:32,2
DA:35,2
DA:36,2
DA:40,3
DA:41,1
DA:47,1
DA:50,1
DA:51,1
DA:53,1
DA:60,1
DA:62,1
DA:66,3
DA:67,1
DA:70,1
DA:71,1
LF:23
LH:23
BRDA:40,0,0,1
BRF:1
BRH:1
end_of_record
TN:
SF:src\repositories\form_repository.js
FN:26,(anonymous_0)
FN:37,(anonymous_1)
FN:47,(anonymous_2)
FN:56,(anonymous_3)
FN:104,(anonymous_4)
FN:116,(anonymous_5)
FN:129,(anonymous_6)
FN:141,(anonymous_7)
FNF:8
FNH:8
FNDA:1,(anonymous_0)
FNDA:2,(anonymous_1)
FNDA:1,(anonymous_2)
FNDA:2,(anonymous_3)
FNDA:1,(anonymous_4)
FNDA:1,(anonymous_5)
FNDA:1,(anonymous_6)
FNDA:1,(anonymous_7)
DA:12,7
DA:14,7
DA:18,7
DA:26,7
DA:27,1
DA:32,1
DA:33,1
DA:37,7
DA:38,2
DA:41,2
DA:42,2
DA:47,7
DA:48,1
DA:51,1
DA:52,1
DA:56,7
DA:61,2
DA:67,2
DA:68,2
DA:69,2
DA:71,2
DA:72,1
DA:73,1
DA:76,2
DA:77,1
DA:78,1
DA:79,1
DA:82,2
DA:84,2
DA:87,2
DA:88,2
DA:90,2
DA:91,2
DA:98,2
DA:100,2
DA:104,7
DA:105,1
DA:111,1
DA:112,1
DA:116,7
DA:117,1
DA:123,1
DA:124,1
DA:129,7
DA:130,1
DA:136,1
DA:137,1
DA:141,7
DA:142,1
DA:146,1
DA:147,1
LF:51
LH:51
BRDA:58,0,0,2
BRDA:59,1,0,2
BRDA:71,2,0,1
BRDA:71,2,1,1
BRDA:76,3,0,1
BRDA:76,3,1,1
BRF:6
BRH:6
end_of_record
TN:
SF:src\repositories\question_repository.js
FN:7,(anonymous_0)
FN:30,(anonymous_1)
FN:39,(anonymous_2)
FN:50,(anonymous_3)
FN:59,(anonymous_4)
FN:83,(anonymous_5)
FNF:6
FNH:6
FNDA:2,(anonymous_0)
FNDA:2,(anonymous_1)
FNDA:1,(anonymous_2)
FNDA:2,(anonymous_3)
FNDA:1,(anonymous_4)
FNDA:1,(anonymous_5)
DA:3,7
DA:4,7
DA:7,7
DA:14,2
DA:19,2
DA:26,2
DA:30,7
DA:31,2
DA:34,2
DA:35,2
DA:39,7
DA:40,1
DA:46,1
DA:50,7
DA:51,2
DA:54,2
DA:55,2
DA:59,7
DA:63,1
DA:72,1
DA:79,1
DA:83,7
DA:84,1
DA:88,1
DA:89,1
LF:25
LH:25
BRDA:11,0,0,2
BRDA:12,1,0,2
BRDA:55,2,0,2
BRDA:55,2,1,0
BRF:4
BRH:3
end_of_record
TN:
SF:src\repositories\user_repository.js
FN:18,(anonymous_0)
FN:35,(anonymous_1)
FN:45,(anonymous_2)
FN:56,(anonymous_3)
FNF:4
FNH:4
FNDA:1,(anonymous_0)
FNDA:2,(anonymous_1)
FNDA:2,(anonymous_2)
FNDA:3,(anonymous_3)
DA:7,3
DA:8,3
DA:10,3
DA:18,3
DA:19,1
DA:30,1
DA:31,1
DA:35,3
DA:36,2
DA:39,2
DA:40,2
DA:41,2
DA:45,3
DA:46,2
DA:51,2
DA:52,2
DA:56,3
DA:57,3
DA:63,3
DA:64,3
DA:65,3
DA:67,3
DA:68,2
DA:69,2
DA:72,3
DA:73,1
DA:74,1
DA:77,3
DA:82,3
DA:85,3
DA:86,3
DA:89,3
DA:90,3
DA:97,3
DA:99,3
LF:35
LH:35
BRDA:56,0,0,3
BRDA:56,1,0,3
BRDA:67,2,0,2
BRDA:67,2,1,1
BRDA:72,3,0,1
BRDA:72,3,1,2
BRDA:77,4,0,2
BRDA:77,4,1,1
BRF:8
BRH:8
end_of_record
TN:
SF:src\services\answer_service.js
FN:24,(anonymous_0)
FN:46,(anonymous_1)
FN:58,(anonymous_2)
FN:71,(anonymous_3)
FN:95,(anonymous_4)
FN:96,(anonymous_5)
FN:98,(anonymous_6)
FN:108,(anonymous_7)
FN:177,(anonymous_8)
FN:226,(anonymous_9)
FN:246,(anonymous_10)
FNF:11
FNH:11
FNDA:7,(anonymous_0)
FNDA:1,(anonymous_1)
FNDA:2,(anonymous_2)
FNDA:6,(anonymous_3)
FNDA:7,(anonymous_4)
FNDA:6,(anonymous_5)
FNDA:7,(anonymous_6)
FNDA:9,(anonymous_7)
FNDA:3,(anonymous_8)
FNDA:2,(anonymous_9)
FNDA:2,(anonymous_10)
DA:18,2
DA:19,2
DA:24,2
DA:25,7
DA:26,6
DA:28,3
DA:30,3
DA:34,6
DA:35,1
DA:46,2
DA:47,1
DA:48,1
DA:58,2
DA:59,2
DA:60,2
DA:61,1
DA:71,2
DA:72,6
DA:73,6
DA:75,6
DA:76,1
DA:82,5
DA:84,5
DA:85,1
DA:86,4
DA:87,2
DA:95,2
DA:96,7
DA:97,7
DA:98,7
DA:101,7
DA:102,7
DA:108,2
DA:109,9
DA:111,9
DA:112,9
DA:115,9
DA:116,9
DA:117,9
DA:118,0
DA:121,0
DA:125,9
DA:126,9
DA:127,9
DA:128,1
DA:134,8
DA:135,8
DA:137,8
DA:138,7
DA:139,7
DA:141,0
DA:147,8
DA:148,1
DA:154,7
DA:157,7
DA:158,7
DA:159,2
DA:161,2
DA:169,1
DA:170,1
DA:177,2
DA:178,3
DA:180,3
DA:183,3
DA:184,3
DA:185,3
DA:186,1
DA:187,1
DA:192,0
DA:196,2
DA:197,2
DA:198,1
DA:205,1
DA:206,1
DA:208,1
DA:214,1
DA:215,1
DA:217,0
DA:220,1
DA:226,2
DA:227,2
DA:229,2
DA:230,2
DA:231,1
DA:237,1
DA:246,2
DA:247,2
DA:251,2
DA:252,2
DA:253,1
DA:256,1
DA:258,1
LF:92
LH:87
BRDA:26,0,0,3
BRDA:26,0,1,3
BRDA:30,1,0,3
BRDA:30,1,1,3
BRDA:30,1,2,3
BRDA:34,2,0,1
BRDA:34,2,1,5
BRDA:47,3,0,1
BRDA:47,3,1,0
BRDA:47,4,0,1
BRDA:47,4,1,0
BRDA:60,5,0,1
BRDA:60,5,1,1
BRDA:75,6,0,1
BRDA:75,6,1,5
BRDA:84,7,0,1
BRDA:84,7,1,4
BRDA:86,8,0,2
BRDA:86,8,1,2
BRDA:117,9,0,0
BRDA:117,9,1,9
BRDA:118,10,0,0
BRDA:118,10,1,0
BRDA:125,11,0,9
BRDA:125,11,1,0
BRDA:127,12,0,1
BRDA:127,12,1,8
BRDA:137,13,0,7
BRDA:137,13,1,1
BRDA:147,14,0,1
BRDA:147,14,1,7
BRDA:185,15,0,1
BRDA:185,15,1,2
BRDA:187,16,0,1
BRDA:187,16,1,0
BRDA:197,17,0,1
BRDA:197,17,1,1
BRDA:230,18,0,1
BRDA:230,18,1,1
BRDA:252,19,0,1
BRDA:252,19,1,1
BRF:41
BRH:34
end_of_record
TN:
SF:src\services\form_service.js
FN:22,(anonymous_0)
FN:42,(anonymous_1)
FN:85,(anonymous_2)
FN:108,(anonymous_3)
FN:137,(anonymous_4)
FN:175,(anonymous_5)
FNF:6
FNH:6
FNDA:2,(anonymous_0)
FNDA:4,(anonymous_1)
FNDA:1,(anonymous_2)
FNDA:3,(anonymous_3)
FNDA:4,(anonymous_4)
FNDA:2,(anonymous_5)
DA:17,2
DA:22,2
DA:23,2
DA:27,2
DA:28,2
DA:32,1
DA:34,1
DA:35,1
DA:42,2
DA:43,4
DA:44,4
DA:47,4
DA:48,4
DA:49,4
DA:50,1
DA:51,1
DA:56,0
DA:60,3
DA:61,3
DA:62,3
DA:63,1
DA:67,2
DA:68,2
DA:71,2
DA:72,1
DA:73,1
DA:75,0
DA:79,2
DA:85,2
DA:86,1
DA:93,1
DA:94,1
DA:101,1
DA:108,2
DA:109,3
DA:110,3
DA:112,3
DA:113,3
DA:114,1
DA:116,2
DA:117,1
DA:123,1
DA:126,1
DA:127,1
DA:129,0
DA:131,1
DA:137,2
DA:138,4
DA:139,4
DA:141,4
DA:142,4
DA:143,1
DA:146,3
DA:147,1
DA:153,2
DA:154,2
DA:155,1
DA:161,1
DA:164,1
DA:165,1
DA:167,0
DA:169,1
DA:175,2
DA:176,2
DA:178,2
DA:180,2
DA:181,2
DA:182,1
DA:185,1
DA:188,1
DA:189,1
DA:191,0
DA:194,1
LF:73
LH:68
BRDA:49,0,0,1
BRDA:49,0,1,3
BRDA:51,1,0,1
BRDA:51,1,1,0
BRDA:62,2,0,1
BRDA:62,2,1,2
BRDA:71,3,0,1
BRDA:71,3,1,1
BRDA:113,4,0,1
BRDA:113,4,1,2
BRDA:116,5,0,1
BRDA:116,5,1,1
BRDA:142,6,0,1
BRDA:142,6,1,3
BRDA:146,7,0,1
BRDA:146,7,1,2
BRDA:154,8,0,1
BRDA:154,8,1,1
BRDA:181,9,0,1
BRDA:181,9,1,1
BRF:20
BRH:19
end_of_record
TN:
SF:src\services\question_service.js
FN:16,(anonymous_0)
FN:63,(anonymous_1)
FN:77,(anonymous_2)
FN:94,(anonymous_3)
FN:133,(anonymous_4)
FNF:5
FNH:5
FNDA:4,(anonymous_0)
FNDA:2,(anonymous_1)
FNDA:2,(anonymous_2)
FNDA:4,(anonymous_3)
FNDA:3,(anonymous_4)
DA:16,2
DA:17,4
DA:22,4
DA:23,4
DA:24,1
DA:30,3
DA:31,1
DA:37,2
DA:38,2
DA:47,1
DA:48,1
DA:50,0
DA:53,1
DA:55,1
DA:56,1
DA:63,2
DA:64,2
DA:66,2
DA:67,2
DA:68,1
DA:71,1
DA:77,2
DA:78,2
DA:80,2
DA:81,2
DA:82,1
DA:88,1
DA:94,2
DA:95,4
DA:97,4
DA:98,4
DA:99,1
DA:102,3
DA:103,3
DA:104,2
DA:110,1
DA:119,4
DA:121,1
DA:122,1
DA:124,0
DA:127,1
DA:133,2
DA:134,3
DA:136,3
DA:137,3
DA:138,1
DA:141,2
DA:142,2
DA:143,1
DA:149,1
DA:151,1
DA:152,1
DA:154,0
DA:157,1
LF:54
LH:51
BRDA:23,0,0,1
BRDA:23,0,1,3
BRDA:30,1,0,1
BRDA:30,1,1,2
BRDA:67,2,0,1
BRDA:67,2,1,1
BRDA:81,3,0,1
BRDA:81,3,1,1
BRDA:98,4,0,1
BRDA:98,4,1,3
BRDA:103,5,0,2
BRDA:103,5,1,1
BRDA:111,6,0,1
BRDA:111,6,1,0
BRDA:114,7,0,4
BRDA:114,7,1,1
BRDA:115,8,0,4
BRDA:115,8,1,1
BRDA:116,9,0,4
BRDA:116,9,1,1
BRDA:137,10,0,1
BRDA:137,10,1,2
BRDA:142,11,0,1
BRDA:142,11,1,1
BRF:24
BRH:23
end_of_record
TN:
SF:src\services\user_service.js
FN:17,(anonymous_0)
FN:54,(anonymous_1)
FN:69,(anonymous_2)
FN:97,(anonymous_3)
FNF:4
FNH:4
FNDA:3,(anonymous_0)
FNDA:2,(anonymous_1)
FNDA:3,(anonymous_2)
FNDA:1,(anonymous_3)
DA:12,2
DA:17,2
DA:18,3
DA:20,3
DA:21,3
DA:23,3
DA:24,3
DA:32,1
DA:34,1
DA:39,2
DA:44,1
DA:46,1
DA:47,1
DA:54,2
DA:55,2
DA:57,2
DA:59,2
DA:60,2
DA:61,1
DA:63,1
DA:69,2
DA:70,3
DA:72,3
DA:73,3
DA:75,3
DA:76,1
DA:79,2
DA:80,2
DA:81,1
DA:84,1
DA:85,1
DA:86,1
DA:88,1
DA:97,2
DA:98,1
DA:102,1
DA:103,1
DA:110,1
LF:38
LH:38
BRDA:39,0,0,1
BRDA:39,0,1,1
BRDA:40,1,0,2
BRDA:40,1,1,1
BRDA:40,1,2,1
BRDA:60,2,0,1
BRDA:60,2,1,1
BRDA:75,3,0,1
BRDA:75,3,1,2
BRDA:80,4,0,1
BRDA:80,4,1,1
BRF:11
BRH:11
end_of_record
TN:
SF:src\utils\errorCodes.js
FN:33,(anonymous_0)
FNF:1
FNH:1
FNDA:33,(anonymous_0)
DA:1,8
DA:33,8
DA:34,33
DA:35,33
DA:36,33
LF:5
LH:5
BRF:0
BRH:0
end_of_record
TN:
SF:src\utils\pagination.js
FN:7,normalizePagination
FN:35,buildPaginationResponse
FNF:2
FNH:0
FNDA:0,normalizePagination
FNDA:0,buildPaginationResponse
DA:1,8
DA:12,0
DA:14,0
DA:18,0
DA:19,0
DA:23,0
DA:36,0
LF:7
LH:1
BRDA:8,0,0,0
BRDA:9,1,0,0
BRDA:10,2,0,0
BRDA:12,3,0,0
BRDA:12,3,1,0
BRDA:12,4,0,0
BRDA:12,4,1,0
BRDA:14,5,0,0
BRDA:14,5,1,0
BRDA:14,6,0,0
BRDA:14,6,1,0
BRDA:18,7,0,0
BRDA:18,7,1,0
BRDA:19,8,0,0
BRDA:19,8,1,0
BRDA:37,9,0,0
BRDA:37,9,1,0
BRF:17
BRH:0
end_of_record
TN:
SF:src\utils\response.js
FN:4,sendError
FNF:1
FNH:1
FNDA:19,sendError
DA:5,19
DA:6,19
DA:7,19
DA:13,19
LF:4
LH:4
BRDA:5,0,0,19
BRDA:5,0,1,0
BRF:2
BRH:1
end_of_record
