TN:
SF:src\controllers\answer_controller.js
FN:13,submitAnswersController
FN:33,getFormResultsController
FN:53,listSubmissionsByFormController
FN:73,getSubmissionDetailController
FNF:4
FNH:4
FNDA:3,submitAnswersController
FNDA:2,getFormResultsController
FNDA:1,listSubmissionsByFormController
FNDA:2,getSubmissionDetailController
DA:14,3
DA:15,3
DA:16,3
DA:17,3
DA:18,1
DA:20,2
DA:21,2
DA:22,2
DA:23,2
DA:25,3
DA:26,3
DA:34,2
DA:35,2
DA:36,2
DA:37,2
DA:38,1
DA:40,1
DA:41,1
DA:42,1
DA:43,1
DA:45,2
DA:46,2
DA:54,1
DA:55,1
DA:56,1
DA:57,1
DA:58,1
DA:60,0
DA:61,0
DA:62,0
DA:63,0
DA:65,1
DA:66,1
DA:74,2
DA:75,2
DA:76,2
DA:77,2
DA:78,1
DA:80,1
DA:81,1
DA:82,1
DA:83,1
DA:85,2
DA:86,2
LF:44
LH:40
BRF:0
BRH:0
end_of_record
TN:
SF:src\controllers\form_controller.js
FN:16,createFormController
FN:37,getFormByIdController
FN:57,listFormsByCreatorController
FN:78,updateFormController
FN:98,publishFormController
FN:118,deleteFormController
FNF:6
FNH:6
FNDA:2,createFormController
FNDA:2,getFormByIdController
FNDA:1,listFormsByCreatorController
FNDA:2,updateFormController
FNDA:2,publishFormController
FNDA:2,deleteFormController
DA:17,2
DA:18,2
DA:19,2
DA:20,2
DA:21,2
DA:22,1
DA:24,1
DA:25,1
DA:26,1
DA:27,1
DA:29,2
DA:30,2
DA:38,2
DA:39,2
DA:40,2
DA:41,2
DA:42,1
DA:44,1
DA:45,1
DA:46,1
DA:47,1
DA:49,2
DA:50,2
DA:58,1
DA:59,1
DA:60,1
DA:61,1
DA:62,1
DA:63,1
DA:65,0
DA:66,0
DA:67,0
DA:68,0
DA:70,1
DA:71,1
DA:79,2
DA:80,2
DA:81,2
DA:82,2
DA:83,1
DA:85,1
DA:86,1
DA:87,1
DA:88,1
DA:90,2
DA:91,2
DA:99,2
DA:100,2
DA:101,2
DA:102,2
DA:103,1
DA:105,1
DA:106,1
DA:107,1
DA:108,1
DA:110,2
DA:111,2
DA:119,2
DA:120,2
DA:121,2
DA:122,2
DA:123,1
DA:125,1
DA:126,1
DA:127,1
DA:128,1
DA:130,2
DA:131,2
LF:68
LH:64
BRDA:20,0,0,2
BRDA:20,0,1,1
BRDA:61,1,0,1
BRDA:61,1,1,0
BRF:4
BRH:3
end_of_record
TN:
SF:src\controllers\question_controller.js
FN:14,createQuestionController
FN:34,getQuestionByIdController
FN:54,getQuestionsByFormController
FN:74,updateQuestionController
FN:94,deleteQuestionController
FNF:5
FNH:5
FNDA:2,createQuestionController
FNDA:2,getQuestionByIdController
FNDA:2,getQuestionsByFormController
FNDA:2,updateQuestionController
FNDA:2,deleteQuestionController
DA:15,2
DA:16,2
DA:17,2
DA:18,2
DA:19,1
DA:21,1
DA:22,1
DA:23,1
DA:24,1
DA:26,2
DA:27,2
DA:35,2
DA:36,2
DA:37,2
DA:38,2
DA:39,1
DA:41,1
DA:42,1
DA:43,1
DA:44,1
DA:46,2
DA:47,2
DA:55,2
DA:56,2
DA:57,2
DA:58,2
DA:59,1
DA:61,1
DA:62,1
DA:63,1
DA:64,1
DA:66,2
DA:67,2
DA:75,2
DA:76,2
DA:77,2
DA:78,2
DA:79,1
DA:81,1
DA:82,1
DA:83,1
DA:84,1
DA:86,2
DA:87,2
DA:95,2
DA:96,2
DA:97,2
DA:98,2
DA:99,1
DA:101,1
DA:102,1
DA:103,1
DA:104,1
DA:106,2
DA:107,2
LF:55
LH:55
BRF:0
BRH:0
end_of_record
TN:
SF:src\controllers\user_controller.js
FN:10,createUserController
FN:27,getUserController
FN:44,loginUserController
FN:62,listUsersController
FNF:4
FNH:4
FNDA:2,createUserController
FNDA:2,getUserController
FNDA:2,loginUserController
FNDA:1,listUsersController
DA:11,2
DA:12,2
DA:13,2
DA:14,2
DA:15,1
DA:17,1
DA:18,1
DA:19,1
DA:20,1
DA:22,2
DA:23,2
DA:28,2
DA:29,2
DA:30,2
DA:31,2
DA:32,1
DA:34,1
DA:35,1
DA:36,1
DA:37,1
DA:39,2
DA:40,2
DA:45,2
DA:46,2
DA:47,2
DA:49,2
DA:50,1
DA:52,1
DA:53,1
DA:54,1
DA:55,1
DA:57,2
DA:58,2
DA:63,1
DA:64,1
DA:65,1
DA:67,1
DA:68,1
DA:70,0
DA:71,0
DA:72,0
DA:73,0
DA:75,1
DA:76,1
LF:44
LH:40
BRF:0
BRH:0
end_of_record
TN:
SF:src\helpers\jws_token.js
FN:4,(anonymous_0)
FNF:1
FNH:0
FNDA:0,(anonymous_0)
DA:3,2
DA:4,2
DA:5,0
LF:3
LH:2
BRF:0
BRH:0
end_of_record
TN:
SF:src\repositories\answer_details_repository.js
FN:10,(anonymous_0)
FN:14,(anonymous_1)
FN:29,(anonymous_2)
FN:37,(anonymous_3)
FN:56,(anonymous_4)
FNF:5
FNH:5
FNDA:3,(anonymous_0)
FNDA:2,(anonymous_1)
FNDA:1,(anonymous_2)
FNDA:1,(anonymous_3)
FNDA:3,(anonymous_4)
DA:6,3
DA:7,3
DA:10,3
DA:11,3
DA:13,1
DA:14,1
DA:15,2
DA:16,2
DA:17,2
DA:20,1
DA:25,1
DA:29,3
DA:30,1
DA:33,1
DA:37,3
DA:38,1
DA:52,1
DA:56,3
DA:57,3
DA:59,3
DA:60,5
DA:61,4
DA:70,5
DA:72,5
DA:73,3
DA:74,3
DA:75,3
DA:79,3
DA:82,3
DA:83,4
DA:84,3
DA:85,1
DA:86,1
DA:87,1
DA:89,3
DA:92,1
DA:93,1
DA:94,1
DA:96,1
DA:97,2
DA:98,2
DA:99,2
DA:100,2
DA:103,1
DA:104,1
DA:105,1
DA:108,3
LF:47
LH:47
BRDA:11,0,0,2
BRDA:11,0,1,1
BRDA:56,1,0,3
BRDA:60,2,0,4
BRDA:60,2,1,1
BRDA:72,3,0,3
BRDA:72,3,1,2
BRDA:72,4,0,5
BRDA:72,4,1,3
BRDA:73,5,0,3
BRDA:73,5,1,0
BRDA:83,6,0,3
BRDA:83,6,1,1
BRDA:83,7,0,4
BRDA:83,7,1,2
BRDA:84,8,0,1
BRDA:84,8,1,2
BRF:17
BRH:16
end_of_record
TN:
SF:src\repositories\answer_repository.js
FN:20,(anonymous_0)
FN:31,(anonymous_1)
FN:40,(anonymous_2)
FN:66,(anonymous_3)
FNF:4
FNH:4
FNDA:1,(anonymous_0)
FNDA:2,(anonymous_1)
FNDA:1,(anonymous_2)
FNDA:1,(anonymous_3)
DA:11,3
DA:13,3
DA:15,3
DA:20,3
DA:21,1
DA:26,1
DA:27,1
DA:31,3
DA:32,2
DA:35,2
DA:36,2
DA:40,3
DA:41,1
DA:47,1
DA:50,1
DA:51,1
DA:53,1
DA:60,1
DA:62,1
DA:66,3
DA:67,1
DA:70,1
DA:71,1
LF:23
LH:23
BRDA:40,0,0,1
BRF:1
BRH:1
end_of_record
TN:
SF:src\repositories\form_repository.js
FN:26,(anonymous_0)
FN:37,(anonymous_1)
FN:47,(anonymous_2)
FN:56,(anonymous_3)
FN:103,(anonymous_4)
FN:115,(anonymous_5)
FN:128,(anonymous_6)
FN:140,(anonymous_7)
FNF:8
FNH:8
FNDA:1,(anonymous_0)
FNDA:2,(anonymous_1)
FNDA:1,(anonymous_2)
FNDA:2,(anonymous_3)
FNDA:1,(anonymous_4)
FNDA:1,(anonymous_5)
FNDA:1,(anonymous_6)
FNDA:1,(anonymous_7)
DA:12,7
DA:14,7
DA:18,7
DA:26,7
DA:27,1
DA:32,1
DA:33,1
DA:37,7
DA:38,2
DA:41,2
DA:42,2
DA:47,7
DA:48,1
DA:51,1
DA:52,1
DA:56,7
DA:61,2
DA:67,2
DA:68,2
DA:69,2
DA:71,2
DA:72,1
DA:73,1
DA:76,2
DA:77,1
DA:78,1
DA:81,2
DA:83,2
DA:86,2
DA:87,2
DA:89,2
DA:90,2
DA:97,2
DA:99,2
DA:103,7
DA:104,1
DA:110,1
DA:111,1
DA:115,7
DA:116,1
DA:122,1
DA:123,1
DA:128,7
DA:129,1
DA:135,1
DA:136,1
DA:140,7
DA:141,1
DA:145,1
DA:146,1
LF:50
LH:50
BRDA:58,0,0,2
BRDA:59,1,0,2
BRDA:71,2,0,1
BRDA:71,2,1,1
BRDA:76,3,0,1
BRDA:76,3,1,1
BRF:6
BRH:6
end_of_record
TN:
SF:src\repositories\question_repository.js
FN:12,(anonymous_0)
FN:35,(anonymous_1)
FN:44,(anonymous_2)
FN:55,(anonymous_3)
FN:64,(anonymous_4)
FN:88,(anonymous_5)
FNF:6
FNH:6
FNDA:2,(anonymous_0)
FNDA:2,(anonymous_1)
FNDA:1,(anonymous_2)
FNDA:1,(anonymous_3)
FNDA:1,(anonymous_4)
FNDA:1,(anonymous_5)
DA:7,7
DA:9,7
DA:12,7
DA:19,2
DA:24,2
DA:31,2
DA:35,7
DA:36,2
DA:39,2
DA:40,2
DA:44,7
DA:45,1
DA:51,1
DA:55,7
DA:56,1
DA:59,1
DA:60,1
DA:64,7
DA:68,1
DA:77,1
DA:84,1
DA:88,7
DA:89,1
DA:93,1
DA:94,1
LF:25
LH:25
BRDA:16,0,0,2
BRDA:17,1,0,2
BRF:2
BRH:2
end_of_record
TN:
SF:src\repositories\user_repository.js
FN:23,(anonymous_0)
FN:41,(anonymous_1)
FN:51,(anonymous_2)
FN:62,(anonymous_3)
FNF:4
FNH:4
FNDA:1,(anonymous_0)
FNDA:2,(anonymous_1)
FNDA:1,(anonymous_2)
FNDA:2,(anonymous_3)
DA:11,3
DA:13,3
DA:15,3
DA:23,3
DA:24,1
DA:36,1
DA:37,1
DA:41,3
DA:42,2
DA:45,2
DA:46,2
DA:47,2
DA:51,3
DA:52,1
DA:57,1
DA:58,1
DA:62,3
DA:63,2
DA:69,2
DA:70,2
DA:71,2
DA:73,2
DA:74,1
DA:75,1
DA:78,2
DA:83,2
DA:86,2
DA:87,2
DA:90,2
DA:91,2
DA:98,2
DA:100,2
LF:32
LH:32
BRDA:62,0,0,2
BRDA:62,1,0,2
BRDA:73,2,0,1
BRDA:73,2,1,1
BRDA:78,3,0,1
BRDA:78,3,1,1
BRF:6
BRH:6
end_of_record
TN:
SF:src\schemas\answer_schema.js
FNF:0
FNH:0
DA:7,2
DA:19,2
DA:31,2
DA:46,2
LF:4
LH:4
BRF:0
BRH:0
end_of_record
TN:
SF:src\schemas\common_schema.js
FNF:0
FNH:0
DA:3,8
DA:8,8
LF:2
LH:2
BRF:0
BRH:0
end_of_record
TN:
SF:src\schemas\form_schema.js
FNF:0
FNH:0
DA:7,2
DA:16,2
DA:27,2
DA:41,2
LF:4
LH:4
BRF:0
BRH:0
end_of_record
TN:
SF:src\schemas\pagination_schema.js
FNF:0
FNH:0
DA:3,2
LF:1
LH:1
BRF:0
BRH:0
end_of_record
TN:
SF:src\schemas\question_schema.js
FN:37,(anonymous_0)
FNF:1
FNH:0
FNDA:0,(anonymous_0)
DA:7,2
DA:19,2
DA:29,2
DA:37,0
DA:48,2
LF:5
LH:4
BRF:0
BRH:0
end_of_record
TN:
SF:src\schemas\user_schema.js
FNF:0
FNH:0
DA:5,2
DA:7,2
DA:17,2
DA:19,2
DA:27,2
DA:35,2
LF:6
LH:6
BRF:0
BRH:0
end_of_record
TN:
SF:src\services\answer_service.js
FN:22,(anonymous_0)
FN:27,(anonymous_1)
FN:38,(anonymous_2)
FN:60,(anonymous_3)
FN:72,(anonymous_4)
FN:85,(anonymous_5)
FN:109,(anonymous_6)
FN:110,(anonymous_7)
FN:112,(anonymous_8)
FN:121,(anonymous_9)
FN:163,(anonymous_10)
FN:185,(anonymous_11)
FN:204,(anonymous_12)
FNF:13
FNH:12
FNDA:15,(anonymous_0)
FNDA:0,(anonymous_1)
FNDA:7,(anonymous_2)
FNDA:1,(anonymous_3)
FNDA:2,(anonymous_4)
FNDA:6,(anonymous_5)
FNDA:7,(anonymous_6)
FNDA:6,(anonymous_7)
FNDA:7,(anonymous_8)
FNDA:9,(anonymous_9)
FNDA:2,(anonymous_10)
FNDA:2,(anonymous_11)
FNDA:2,(anonymous_12)
DA:22,2
DA:23,15
DA:25,15
DA:26,0
DA:27,0
DA:29,0
DA:32,15
DA:38,2
DA:39,7
DA:40,6
DA:42,3
DA:44,3
DA:48,6
DA:49,1
DA:60,2
DA:61,1
DA:62,1
DA:72,2
DA:73,2
DA:74,2
DA:75,1
DA:85,2
DA:86,6
DA:87,6
DA:89,6
DA:90,1
DA:96,5
DA:98,5
DA:99,1
DA:100,4
DA:101,2
DA:109,2
DA:110,7
DA:111,7
DA:112,7
DA:115,7
DA:116,7
DA:121,2
DA:122,9
DA:124,9
DA:126,9
DA:127,9
DA:128,1
DA:134,8
DA:135,1
DA:141,7
DA:144,7
DA:146,7
DA:147,7
DA:148,2
DA:150,2
DA:158,1
DA:159,1
DA:163,2
DA:164,2
DA:166,2
DA:168,2
DA:169,2
DA:170,1
DA:176,1
DA:177,1
DA:179,1
DA:185,2
DA:186,2
DA:188,2
DA:190,2
DA:191,2
DA:192,1
DA:198,1
DA:204,2
DA:205,2
DA:207,2
DA:211,2
DA:212,2
DA:213,1
DA:216,1
DA:218,1
LF:77
LH:74
BRDA:25,0,0,0
BRDA:25,0,1,15
BRDA:40,1,0,3
BRDA:40,1,1,3
BRDA:44,2,0,3
BRDA:44,2,1,3
BRDA:44,2,2,3
BRDA:48,3,0,1
BRDA:48,3,1,5
BRDA:61,4,0,1
BRDA:61,4,1,0
BRDA:61,5,0,1
BRDA:61,5,1,0
BRDA:74,6,0,1
BRDA:74,6,1,1
BRDA:89,7,0,1
BRDA:89,7,1,5
BRDA:98,8,0,1
BRDA:98,8,1,4
BRDA:100,9,0,2
BRDA:100,9,1,2
BRDA:127,10,0,1
BRDA:127,10,1,8
BRDA:134,11,0,1
BRDA:134,11,1,7
BRDA:169,12,0,1
BRDA:169,12,1,1
BRDA:191,13,0,1
BRDA:191,13,1,1
BRDA:212,14,0,1
BRDA:212,14,1,1
BRF:31
BRH:28
end_of_record
TN:
SF:src\services\form_service.js
FN:23,(anonymous_0)
FN:28,(anonymous_1)
FN:39,(anonymous_2)
FN:61,(anonymous_3)
FN:77,(anonymous_4)
FN:102,(anonymous_5)
FN:128,(anonymous_6)
FN:164,(anonymous_7)
FNF:8
FNH:8
FNDA:15,(anonymous_0)
FNDA:1,(anonymous_1)
FNDA:3,(anonymous_2)
FNDA:2,(anonymous_3)
FNDA:1,(anonymous_4)
FNDA:3,(anonymous_5)
FNDA:4,(anonymous_6)
FNDA:2,(anonymous_7)
DA:23,2
DA:24,15
DA:26,15
DA:27,1
DA:28,1
DA:30,1
DA:33,14
DA:39,2
DA:40,3
DA:42,3
DA:46,3
DA:47,3
DA:51,1
DA:53,1
DA:54,1
DA:61,2
DA:62,2
DA:64,2
DA:66,2
DA:67,2
DA:68,1
DA:71,1
DA:77,2
DA:78,1
DA:80,1
DA:87,1
DA:88,1
DA:95,1
DA:102,2
DA:103,3
DA:105,3
DA:108,3
DA:109,3
DA:110,1
DA:114,2
DA:115,1
DA:121,1
DA:122,1
DA:128,2
DA:129,4
DA:131,4
DA:134,4
DA:135,4
DA:136,1
DA:140,3
DA:141,1
DA:148,2
DA:149,2
DA:150,1
DA:157,1
DA:158,1
DA:164,2
DA:165,2
DA:167,2
DA:169,2
DA:170,2
DA:171,1
DA:174,1
DA:175,1
LF:59
LH:59
BRDA:26,0,0,1
BRDA:26,0,1,14
BRDA:67,1,0,1
BRDA:67,1,1,1
BRDA:109,2,0,1
BRDA:109,2,1,2
BRDA:114,3,0,1
BRDA:114,3,1,1
BRDA:135,4,0,1
BRDA:135,4,1,3
BRDA:140,5,0,1
BRDA:140,5,1,2
BRDA:149,6,0,1
BRDA:149,6,1,1
BRDA:170,7,0,1
BRDA:170,7,1,1
BRF:16
BRH:16
end_of_record
TN:
SF:src\services\question_service.js
FN:21,(anonymous_0)
FN:26,(anonymous_1)
FN:38,(anonymous_2)
FN:79,(anonymous_3)
FN:95,(anonymous_4)
FN:116,(anonymous_5)
FN:154,(anonymous_6)
FNF:7
FNH:6
FNDA:15,(anonymous_0)
FNDA:0,(anonymous_1)
FNDA:4,(anonymous_2)
FNDA:2,(anonymous_3)
FNDA:2,(anonymous_4)
FNDA:4,(anonymous_5)
FNDA:3,(anonymous_6)
DA:21,2
DA:22,15
DA:24,15
DA:25,0
DA:26,0
DA:28,0
DA:31,15
DA:38,2
DA:39,4
DA:41,4
DA:46,4
DA:47,4
DA:48,1
DA:54,3
DA:55,1
DA:61,2
DA:62,2
DA:69,1
DA:71,1
DA:72,1
DA:79,2
DA:80,2
DA:82,2
DA:84,2
DA:85,2
DA:86,1
DA:89,1
DA:95,2
DA:96,2
DA:98,2
DA:101,2
DA:102,2
DA:103,1
DA:109,1
DA:116,2
DA:117,4
DA:119,4
DA:122,4
DA:123,4
DA:124,1
DA:128,3
DA:129,3
DA:130,2
DA:137,1
DA:146,4
DA:147,1
DA:154,2
DA:155,3
DA:157,3
DA:160,3
DA:161,3
DA:162,1
DA:166,2
DA:167,2
DA:168,1
DA:174,1
DA:175,1
LF:57
LH:54
BRDA:24,0,0,0
BRDA:24,0,1,15
BRDA:47,1,0,1
BRDA:47,1,1,3
BRDA:54,2,0,1
BRDA:54,2,1,2
BRDA:85,3,0,1
BRDA:85,3,1,1
BRDA:102,4,0,1
BRDA:102,4,1,1
BRDA:123,5,0,1
BRDA:123,5,1,3
BRDA:129,6,0,2
BRDA:129,6,1,1
BRDA:138,7,0,1
BRDA:138,7,1,0
BRDA:141,8,0,4
BRDA:141,8,1,1
BRDA:142,9,0,4
BRDA:142,9,1,1
BRDA:143,10,0,4
BRDA:143,10,1,1
BRDA:161,11,0,1
BRDA:161,11,1,2
BRDA:167,12,0,1
BRDA:167,12,1,1
BRF:26
BRH:24
end_of_record
TN:
SF:src\services\user_service.js
FN:23,(anonymous_0)
FN:28,(anonymous_1)
FN:39,(anonymous_2)
FN:71,(anonymous_3)
FN:86,(anonymous_4)
FN:118,(anonymous_5)
FNF:6
FNH:6
FNDA:7,(anonymous_0)
FNDA:1,(anonymous_1)
FNDA:3,(anonymous_2)
FNDA:3,(anonymous_3)
FNDA:3,(anonymous_4)
FNDA:1,(anonymous_5)
DA:17,2
DA:23,2
DA:24,7
DA:26,7
DA:27,1
DA:28,1
DA:30,1
DA:33,6
DA:39,2
DA:40,3
DA:42,3
DA:43,3
DA:45,3
DA:46,3
DA:54,1
DA:56,1
DA:61,2
DA:62,1
DA:64,1
DA:65,1
DA:71,2
DA:72,3
DA:74,3
DA:76,3
DA:77,2
DA:78,1
DA:80,1
DA:86,2
DA:87,3
DA:89,3
DA:91,3
DA:92,3
DA:94,3
DA:95,1
DA:98,2
DA:99,2
DA:100,1
DA:103,1
DA:106,1
DA:109,1
DA:118,2
DA:119,1
DA:121,1
DA:125,1
DA:126,1
DA:133,1
LF:46
LH:46
BRDA:26,0,0,1
BRDA:26,0,1,6
BRDA:61,1,0,1
BRDA:61,1,1,1
BRDA:77,2,0,1
BRDA:77,2,1,1
BRDA:94,3,0,1
BRDA:94,3,1,2
BRDA:99,4,0,1
BRDA:99,4,1,1
BRF:10
BRH:10
end_of_record
TN:
SF:src\utils\errorCodes.js
FN:33,(anonymous_0)
FNF:1
FNH:1
FNDA:35,(anonymous_0)
DA:1,8
DA:33,8
DA:34,35
DA:35,35
DA:36,35
LF:5
LH:5
BRF:0
BRH:0
end_of_record
TN:
SF:src\utils\pagination.js
FN:7,normalizePagination
FN:35,buildPaginationResponse
FNF:2
FNH:0
FNDA:0,normalizePagination
FNDA:0,buildPaginationResponse
DA:1,8
DA:12,0
DA:14,0
DA:18,0
DA:19,0
DA:23,0
DA:36,0
LF:7
LH:1
BRDA:8,0,0,0
BRDA:9,1,0,0
BRDA:10,2,0,0
BRDA:12,3,0,0
BRDA:12,3,1,0
BRDA:12,4,0,0
BRDA:12,4,1,0
BRDA:14,5,0,0
BRDA:14,5,1,0
BRDA:14,6,0,0
BRDA:14,6,1,0
BRDA:18,7,0,0
BRDA:18,7,1,0
BRDA:19,8,0,0
BRDA:19,8,1,0
BRDA:37,9,0,0
BRDA:37,9,1,0
BRF:17
BRH:0
end_of_record
TN:
SF:src\utils\response.js
FN:4,sendError
FNF:1
FNH:1
FNDA:17,sendError
DA:5,17
DA:6,17
DA:7,17
DA:13,17
LF:4
LH:4
BRDA:5,0,0,17
BRDA:5,0,1,0
BRF:2
BRH:1
end_of_record
